
2022/08/29 (18:12:02) | ===> btop++ v.1.2.9
2022/08/29 (18:12:02) | ERROR: Invalid RGB decimal value: "ba1a84"

2022/08/30 (14:36:00) | ===> btop++ v.1.2.9
2022/08/30 (14:36:00) | ERROR: Invalid RGB decimal value: "ba1a84"

2022/09/01 (15:40:25) | ===> btop++ v.1.2.9
2022/09/01 (15:40:25) | ERROR: No tty detected!
btop++ needs an interactive shell to run.

2022/09/01 (15:41:22) | ===> btop++ v.1.2.9
2022/09/01 (15:41:22) | ERROR: No tty detected!
btop++ needs an interactive shell to run.

2022/09/01 (15:41:25) | ===> btop++ v.1.2.9
2022/09/01 (15:41:25) | ERROR: No tty detected!
btop++ needs an interactive shell to run.

2022/09/01 (15:41:25) | ===> btop++ v.1.2.9
2022/09/01 (15:41:25) | ERROR: No tty detected!
btop++ needs an interactive shell to run.

2022/09/01 (15:41:26) | ===> btop++ v.1.2.9
2022/09/01 (15:41:26) | ERROR: No tty detected!
btop++ needs an interactive shell to run.

2022/09/08 (13:31:49) | ===> btop++ v.1.2.9
2022/09/08 (13:31:49) | ERROR: Invalid RGB decimal value: "ba1a84"
2022/09/08 (13:31:50) | ERROR: Invalid RGB decimal value: "ba1a84"

2022/10/21 (09:57:37) | ===> btop++ v.1.2.12
2022/10/21 (09:57:37) | ERROR: No tty detected!
btop++ needs an interactive shell to run.

2022/10/21 (09:57:39) | ===> btop++ v.1.2.12
2022/10/21 (09:57:39) | ERROR: No tty detected!
btop++ needs an interactive shell to run.

2022/10/31 (09:25:17) | ===> btop++ v.1.2.12
2022/10/31 (09:25:17) | ERROR: Stall in Runner thread, restarting!

2022/12/12 (01:13:00) | ===> btop++ v.1.2.13
2022/12/12 (01:13:00) | INFO: Logger set to INFO

2022/12/27 (22:55:42) | ===> btop++ v.1.2.13
2022/12/27 (22:55:42) | ERROR: Stall in Runner thread, restarting!

2023/02/13 (10:42:33) | ===> btop++ v.1.2.13
2023/02/13 (10:42:33) | ERROR: Stall in Runner thread, restarting!

2023/02/13 (10:42:33) | ===> btop++ v.1.2.13
2023/02/13 (10:42:33) | ERROR: Stall in Runner thread, restarting!
2023/02/13 (10:42:39) | ERROR: Stall in Runner thread, restarting!
2023/02/13 (10:42:46) | ERROR: Stall in Runner thread, restarting!
2023/02/13 (10:42:46) | ERROR: Stall in Runner thread, restarting!
2023/02/13 (10:42:51) | ERROR: Stall in Runner thread, restarting!
2023/02/13 (10:42:52) | ERROR: Stall in Runner thread, restarting!
2023/02/13 (10:43:12) | ERROR: Stall in Runner thread, restarting!
2023/02/13 (11:39:33) | ERROR: Stall in Runner thread, restarting!
2023/02/13 (11:39:38) | ERROR: Stall in Runner thread, restarting!

2023/02/20 (00:20:11) | ===> btop++ v.1.2.13
2023/02/20 (00:20:11) | ERROR: Stall in Runner thread, restarting!
